Using pre-set license
Built from '2022.3/staging' branch; Version is '2022.3.23f1 (dbb3f7c5b5c6) revision 14398455'; Using compiler version '192829333'; Build Type 'Release'
OS: 'Windows 10  (10.0.19045) 64bit Core' Language: 'en' Physical Memory: 32719 MB
BatchMode: 1, IsHumanControllingUs: 0, StartBugReporterOnCrash: 0, Is64bit: 1, IsPro: 1

COMMAND LINE ARGUMENTS:
D:\Unity\Installs\2022.3.23f1\Editor\Unity.exe
-adb2
-batchMode
-noUpm
-name
AssetImportWorker3
-projectPath
D:/Github/Nomad/NomadClient
-logFile
Logs/AssetImportWorker3.log
-srvPort
65502
Successfully changed project path to: D:/Github/Nomad/NomadClient
D:/Github/Nomad/NomadClient
[UnityMemory] Configuration Parameters - Can be set up in boot.config
    "memorysetup-bucket-allocator-granularity=16"
    "memorysetup-bucket-allocator-bucket-count=8"
    "memorysetup-bucket-allocator-block-size=33554432"
    "memorysetup-bucket-allocator-block-count=8"
    "memorysetup-main-allocator-block-size=16777216"
    "memorysetup-thread-allocator-block-size=16777216"
    "memorysetup-gfx-main-allocator-block-size=16777216"
    "memorysetup-gfx-thread-allocator-block-size=16777216"
    "memorysetup-cache-allocator-block-size=4194304"
    "memorysetup-typetree-allocator-block-size=2097152"
    "memorysetup-profiler-bucket-allocator-granularity=16"
    "memorysetup-profiler-bucket-allocator-bucket-count=8"
    "memorysetup-profiler-bucket-allocator-block-size=33554432"
    "memorysetup-profiler-bucket-allocator-block-count=8"
    "memorysetup-profiler-allocator-block-size=16777216"
    "memorysetup-profiler-editor-allocator-block-size=1048576"
    "memorysetup-temp-allocator-size-main=16777216"
    "memorysetup-job-temp-allocator-block-size=2097152"
    "memorysetup-job-temp-allocator-block-size-background=1048576"
    "memorysetup-job-temp-allocator-reduction-small-platforms=262144"
    "memorysetup-allocator-temp-initial-block-size-main=262144"
    "memorysetup-allocator-temp-initial-block-size-worker=262144"
    "memorysetup-temp-allocator-size-background-worker=32768"
    "memorysetup-temp-allocator-size-job-worker=262144"
    "memorysetup-temp-allocator-size-preload-manager=33554432"
    "memorysetup-temp-allocator-size-nav-mesh-worker=65536"
    "memorysetup-temp-allocator-size-audio-worker=65536"
    "memorysetup-temp-allocator-size-cloud-worker=32768"
    "memorysetup-temp-allocator-size-gi-baking-worker=262144"
    "memorysetup-temp-allocator-size-gfx=262144"
Player connection [13252] Host "[IP] 130.215.143.224 [Port] 0 [Flags] 2 [Guid] 1159173214 [EditorId] 1159173214 [Version] 1048832 [Id] WindowsEditor(7,DESKTOP-F3C1MQ3) [Debug] 1 [PackageName] WindowsEditor [ProjectName] Editor" joined multi-casting on [225.0.0.222:54997]...

Player connection [13252] Host "[IP] 130.215.143.224 [Port] 0 [Flags] 2 [Guid] 1159173214 [EditorId] 1159173214 [Version] 1048832 [Id] WindowsEditor(7,DESKTOP-F3C1MQ3) [Debug] 1 [PackageName] WindowsEditor [ProjectName] Editor" joined alternative multi-casting on [225.0.0.222:34997]...

[Physics::Module] Initialized MultithreadedJobDispatcher with 11 workers.
Refreshing native plugins compatible for Editor in 9.48 ms, found 3 plugins.
Preloading 0 native plugins for Editor in 0.00 ms.
Initialize engine version: 2022.3.23f1 (dbb3f7c5b5c6)
[Subsystems] Discovering subsystems at path D:/Unity/Installs/2022.3.23f1/Editor/Data/Resources/UnitySubsystems
[Subsystems] Discovering subsystems at path D:/Github/Nomad/NomadClient/Assets
GfxDevice: creating device client; threaded=0; jobified=0
Direct3D:
    Version:  Direct3D 11.0 [level 11.1]
    Renderer: NVIDIA GeForce RTX 3070 Ti (ID=0x2482)
    Vendor:   NVIDIA
    VRAM:     8032 MB
    Driver:   31.0.15.4665
Initialize mono
Mono path[0] = 'D:/Unity/Installs/2022.3.23f1/Editor/Data/Managed'
Mono path[1] = 'D:/Unity/Installs/2022.3.23f1/Editor/Data/MonoBleedingEdge/lib/mono/unityjit-win32'
Mono config path = 'D:/Unity/Installs/2022.3.23f1/Editor/Data/MonoBleedingEdge/etc'
Using monoOptions --debugger-agent=transport=dt_socket,embedding=1,server=y,suspend=n,address=127.0.0.1:56972
Begin MonoManager ReloadAssembly
Registering precompiled unity dll's ...
Register platform support module: D:/Unity/Installs/2022.3.23f1/Editor/Data/PlaybackEngines/WebGLSupport/UnityEditor.WebGL.Extensions.dll
Register platform support module: D:/Unity/Installs/2022.3.23f1/Editor/Data/PlaybackEngines/WindowsStandaloneSupport/UnityEditor.WindowsStandalone.Extensions.dll
Register platform support module: D:/Unity/Installs/2022.3.23f1/Editor/Data/PlaybackEngines/MetroSupport/UnityEditor.UWP.Extensions.dll
Registered in 0.006588 seconds.
- Loaded All Assemblies, in  0.351 seconds
Native extension for UWP target not found
Native extension for WindowsStandalone target not found
Native extension for WebGL target not found
Mono: successfully reloaded assembly
- Finished resetting the current domain, in  0.264 seconds
Domain Reload Profiling: 615ms
	BeginReloadAssembly (109ms)
		ExecutionOrderSort (0ms)
		DisableScriptedObjects (0ms)
		BackupInstance (0ms)
		ReleaseScriptingObjects (0ms)
		CreateAndSetChildDomain (1ms)
	RebuildCommonClasses (33ms)
	RebuildNativeTypeToScriptingClass (11ms)
	initialDomainReloadingComplete (48ms)
	LoadAllAssembliesAndSetupDomain (151ms)
		LoadAssemblies (109ms)
		RebuildTransferFunctionScriptingTraits (0ms)
		AnalyzeDomain (148ms)
			TypeCache.Refresh (147ms)
				TypeCache.ScanAssembly (134ms)
			ScanForSourceGeneratedMonoScriptInfo (0ms)
			ResolveRequiredComponents (0ms)
	FinalizeReload (265ms)
		ReleaseScriptCaches (0ms)
		RebuildScriptCaches (0ms)
		SetupLoadedEditorAssemblies (210ms)
			LogAssemblyErrors (0ms)
			InitializePlatformSupportModulesInManaged (8ms)
			SetLoadedEditorAssemblies (4ms)
			RefreshPlugins (0ms)
			BeforeProcessingInitializeOnLoad (2ms)
			ProcessInitializeOnLoadAttributes (147ms)
			ProcessInitializeOnLoadMethodAttributes (49ms)
			AfterProcessingInitializeOnLoad (0ms)
			EditorAssembliesLoaded (0ms)
		ExecutionOrderSort2 (0ms)
		AwakeInstancesAfterBackupRestoration (0ms)
========================================================================
Worker process is ready to serve import requests
Begin MonoManager ReloadAssembly
- Loaded All Assemblies, in  0.703 seconds
Refreshing native plugins compatible for Editor in 2.62 ms, found 3 plugins.
Native extension for UWP target not found
Native extension for WindowsStandalone target not found
Native extension for WebGL target not found
Package Manager log level set to [2]
[Package Manager] Server::EnsureServerProcessIsRunning -- launch failed, reason: Unity was launched with the -noUpm command-line argument
[Package Manager] UpmClient::Send -- Unable to send message (not connected to UPM process).
[Package Manager] Cannot connect to Unity Package Manager local server
Mono: successfully reloaded assembly
- Finished resetting the current domain, in  0.868 seconds
Domain Reload Profiling: 1571ms
	BeginReloadAssembly (141ms)
		ExecutionOrderSort (0ms)
		DisableScriptedObjects (5ms)
		BackupInstance (0ms)
		ReleaseScriptingObjects (0ms)
		CreateAndSetChildDomain (22ms)
	RebuildCommonClasses (34ms)
	RebuildNativeTypeToScriptingClass (11ms)
	initialDomainReloadingComplete (33ms)
	LoadAllAssembliesAndSetupDomain (484ms)
		LoadAssemblies (311ms)
		RebuildTransferFunctionScriptingTraits (0ms)
		AnalyzeDomain (257ms)
			TypeCache.Refresh (214ms)
				TypeCache.ScanAssembly (198ms)
			ScanForSourceGeneratedMonoScriptInfo (29ms)
			ResolveRequiredComponents (12ms)
	FinalizeReload (869ms)
		ReleaseScriptCaches (0ms)
		RebuildScriptCaches (0ms)
		SetupLoadedEditorAssemblies (674ms)
			LogAssemblyErrors (0ms)
			InitializePlatformSupportModulesInManaged (6ms)
			SetLoadedEditorAssemblies (3ms)
			RefreshPlugins (0ms)
			BeforeProcessingInitializeOnLoad (75ms)
			ProcessInitializeOnLoadAttributes (517ms)
			ProcessInitializeOnLoadMethodAttributes (70ms)
			AfterProcessingInitializeOnLoad (3ms)
			EditorAssembliesLoaded (0ms)
		ExecutionOrderSort2 (0ms)
		AwakeInstancesAfterBackupRestoration (6ms)
Launched and connected shader compiler UnityShaderCompiler.exe after 0.05 seconds
Refreshing native plugins compatible for Editor in 3.24 ms, found 3 plugins.
Preloading 0 native plugins for Editor in 0.00 ms.
Unloading 7524 Unused Serialized files (Serialized files now loaded: 0)
Unloading 265 unused Assets / (15.4 MB). Loaded Objects now: 7847.
Memory consumption went from 346.3 MB to 330.9 MB.
Total: 11.046400 ms (FindLiveObjects: 0.859500 ms CreateObjectMapping: 0.981600 ms MarkObjects: 4.562100 ms  DeleteObjects: 4.641800 ms)

AssetImportParameters requested are different than current active one (requested -> active):
  custom:container-demuxer-ogg: 62fdf1f143b41e24485cea50d1cbac27 -> 
  custom:framework-win-MediaFoundation: 216162199b28c13a410421893ffa2e32 -> 
  custom:container-muxer-webm: aa71ff27fc2769a1b78a27578f13a17b -> 
  custom:video-decoder-webm-vp8: 9c59270c3fd7afecdb556c50c9e8de78 -> 
  custom:SearchIndexIgnoredProperties: e643bd26f0fe6173181afceb89e7c659 -> 
  custom:AudioImporter_EditorPlatform: d09bf68614088b80899f8185d706f6e7 -> 
  custom:audio-decoder-ogg-vorbis: bf7c407c2cedff20999df2af8eb42d56 -> 
  custom:audio-encoder-webm-vorbis: bf7c407c2cedff20999df2af8eb42d56 -> 
  custom:video-codec-MediaFoundation-h265: e54d7ab0439102e2317fc1e4b246158d -> 
  custom:video-decoder-ogg-theora: a1e56fd34408186e4bbccfd4996cb3dc -> 
  custom:CustomObjectIndexerAttribute: 72b91833f83ae208fae7752999fa3104 -> 
  custom:container-demuxer-webm: 4f35f7cbe854078d1ac9338744f61a02 -> 
  custom:video-encoder-webm-vp8: eb34c28f22e8b96e1ab97ce403110664 -> 
========================================================================
Received Import Request.
  Time since last request: 819321.449109 seconds.
  path: Assets/TerrainData_0d584046-1ff7-481c-8071-6c17e08bf2aa.asset
  artifactKey: Guid(2862ea7e69a51844b9cdda7609ae2f5a) Importer(815301076,1909f56bfc062723c751e8b465ee728b)
Start importing Assets/TerrainData_0d584046-1ff7-481c-8071-6c17e08bf2aa.asset using Guid(2862ea7e69a51844b9cdda7609ae2f5a) Importer(815301076,1909f56bfc062723c751e8b465ee728b)  -> (artifact id: 'b9e31f49bc753380e6c466f656e47fdc') in 0.040635 seconds
Number of updated asset objects reloaded before import = 0
Number of asset objects unloaded after import = 1
========================================================================
Received Import Request.
  Time since last request: 0.000019 seconds.
  path: Assets/TerrainData_0f257ca1-08c4-414b-b3ee-8b4bfd0e0ebe.asset
  artifactKey: Guid(3e51926bf68a06748a96d175e9237762) Importer(815301076,1909f56bfc062723c751e8b465ee728b)
Start importing Assets/TerrainData_0f257ca1-08c4-414b-b3ee-8b4bfd0e0ebe.asset using Guid(3e51926bf68a06748a96d175e9237762) Importer(815301076,1909f56bfc062723c751e8b465ee728b)  -> (artifact id: '1be4d7bb675c55735da7dc0f4b81734e') in 0.005795 seconds
Number of updated asset objects reloaded before import = 0
Number of asset objects unloaded after import = 1
========================================================================
Received Import Request.
  Time since last request: 0.000019 seconds.
  path: Assets/TerrainData_54a0f1be-24c2-4da4-884a-abb1dee654dc.asset
  artifactKey: Guid(165093dbc97440a42bc28881928a8474) Importer(815301076,1909f56bfc062723c751e8b465ee728b)
Start importing Assets/TerrainData_54a0f1be-24c2-4da4-884a-abb1dee654dc.asset using Guid(165093dbc97440a42bc28881928a8474) Importer(815301076,1909f56bfc062723c751e8b465ee728b)  -> (artifact id: '223f9022ab94bb657a817b0e1624422f') in 0.005112 seconds
Number of updated asset objects reloaded before import = 0
Number of asset objects unloaded after import = 1
========================================================================
Received Import Request.
  Time since last request: 0.000018 seconds.
  path: Assets/TerrainData_51a55529-6651-4d4c-9166-85b08ea7e352.asset
  artifactKey: Guid(211b8eaa789d78343bfd184548edfcda) Importer(815301076,1909f56bfc062723c751e8b465ee728b)
Start importing Assets/TerrainData_51a55529-6651-4d4c-9166-85b08ea7e352.asset using Guid(211b8eaa789d78343bfd184548edfcda) Importer(815301076,1909f56bfc062723c751e8b465ee728b)  -> (artifact id: 'dbc9f6f609656ccaf07abde3786bd7f5') in 0.004278 seconds
Number of updated asset objects reloaded before import = 0
Number of asset objects unloaded after import = 1
========================================================================
Received Import Request.
  Time since last request: 0.000015 seconds.
  path: Assets/TerrainData_5ba73086-e3bf-4d00-a0da-670d9e4b4dba.asset
  artifactKey: Guid(ae7c30a6606725b409f0bbb37d117196) Importer(815301076,1909f56bfc062723c751e8b465ee728b)
Start importing Assets/TerrainData_5ba73086-e3bf-4d00-a0da-670d9e4b4dba.asset using Guid(ae7c30a6606725b409f0bbb37d117196) Importer(815301076,1909f56bfc062723c751e8b465ee728b)  -> (artifact id: 'a2a76679a8fc9784b925c1ef10a92ae1') in 0.004383 seconds
Number of updated asset objects reloaded before import = 0
Number of asset objects unloaded after import = 1
========================================================================
Received Import Request.
  Time since last request: 0.000017 seconds.
  path: Assets/TerrainData_79c26c26-4cd0-4243-9a9b-0ceab4e3121e.asset
  artifactKey: Guid(61d1c8145b7c8844bbf60fe43667468b) Importer(815301076,1909f56bfc062723c751e8b465ee728b)
Start importing Assets/TerrainData_79c26c26-4cd0-4243-9a9b-0ceab4e3121e.asset using Guid(61d1c8145b7c8844bbf60fe43667468b) Importer(815301076,1909f56bfc062723c751e8b465ee728b)  -> (artifact id: '9b4ac7fc061af0f2871584cad948c7eb') in 0.005412 seconds
Number of updated asset objects reloaded before import = 0
Number of asset objects unloaded after import = 1
========================================================================
Received Import Request.
  Time since last request: 0.000024 seconds.
  path: Assets/TerrainData_3f243905-e032-42f8-a7bf-5a96f203df69.asset
  artifactKey: Guid(f5668aec46c8bb944959ae488835bbe3) Importer(815301076,1909f56bfc062723c751e8b465ee728b)
Start importing Assets/TerrainData_3f243905-e032-42f8-a7bf-5a96f203df69.asset using Guid(f5668aec46c8bb944959ae488835bbe3) Importer(815301076,1909f56bfc062723c751e8b465ee728b)  -> (artifact id: '9808eda1f7abefd025b2311464d52811') in 0.005081 seconds
Number of updated asset objects reloaded before import = 0
Number of asset objects unloaded after import = 1
========================================================================
Received Import Request.
  Time since last request: 0.000015 seconds.
  path: Assets/TerrainData_52dbb2da-915b-4b54-828a-8f9f8f0310f7.asset
  artifactKey: Guid(f442af2ed5762d2458dc3d2e6577b4ad) Importer(815301076,1909f56bfc062723c751e8b465ee728b)
Start importing Assets/TerrainData_52dbb2da-915b-4b54-828a-8f9f8f0310f7.asset using Guid(f442af2ed5762d2458dc3d2e6577b4ad) Importer(815301076,1909f56bfc062723c751e8b465ee728b)  -> (artifact id: '5d6ca43d859f803ab7fa6be03ed264c1') in 0.004481 seconds
Number of updated asset objects reloaded before import = 0
Number of asset objects unloaded after import = 1
========================================================================
Received Import Request.
  Time since last request: 0.000014 seconds.
  path: Assets/TerrainData_6d32fcbe-6da1-4c96-bda0-22b80b9d756f.asset
  artifactKey: Guid(f96e4979ae8244a4d8fb7dfc9a2efd6f) Importer(815301076,1909f56bfc062723c751e8b465ee728b)
Start importing Assets/TerrainData_6d32fcbe-6da1-4c96-bda0-22b80b9d756f.asset using Guid(f96e4979ae8244a4d8fb7dfc9a2efd6f) Importer(815301076,1909f56bfc062723c751e8b465ee728b)  -> (artifact id: '3d827f2c56a26e4dffa0cf6e41ca0f68') in 0.006440 seconds
Number of updated asset objects reloaded before import = 0
Number of asset objects unloaded after import = 1
========================================================================
Received Import Request.
  Time since last request: 0.000015 seconds.
  path: Assets/TerrainData_0268dea0-bf65-40b3-b152-77a130b10292.asset
  artifactKey: Guid(fd6f23f589eb3da42a212e0ffe3e7ec3) Importer(815301076,1909f56bfc062723c751e8b465ee728b)
Start importing Assets/TerrainData_0268dea0-bf65-40b3-b152-77a130b10292.asset using Guid(fd6f23f589eb3da42a212e0ffe3e7ec3) Importer(815301076,1909f56bfc062723c751e8b465ee728b)  -> (artifact id: '9b5fe1b2843cdc76db3ccc0e58d2ec72') in 0.004647 seconds
Number of updated asset objects reloaded before import = 0
Number of asset objects unloaded after import = 1
========================================================================
Received Import Request.
  Time since last request: 0.000012 seconds.
  path: Assets/TerrainData_7a55cffa-ddb0-402d-84be-06f1d2ecdf23.asset
  artifactKey: Guid(ff26f1ee273febc41b7ed6b83c2cec2f) Importer(815301076,1909f56bfc062723c751e8b465ee728b)
Start importing Assets/TerrainData_7a55cffa-ddb0-402d-84be-06f1d2ecdf23.asset using Guid(ff26f1ee273febc41b7ed6b83c2cec2f) Importer(815301076,1909f56bfc062723c751e8b465ee728b)  -> (artifact id: 'e9b6ae65e99bbc97f1f4f04bc8f8c08a') in 0.004601 seconds
Number of updated asset objects reloaded before import = 0
Number of asset objects unloaded after import = 1
========================================================================
Received Import Request.
  Time since last request: 0.000016 seconds.
  path: Assets/TerrainData_42a26ae4-f79f-4429-aee0-13293a71429a.asset
  artifactKey: Guid(ea7b2970015fd334b9e4ca043c72cd7a) Importer(815301076,1909f56bfc062723c751e8b465ee728b)
Start importing Assets/TerrainData_42a26ae4-f79f-4429-aee0-13293a71429a.asset using Guid(ea7b2970015fd334b9e4ca043c72cd7a) Importer(815301076,1909f56bfc062723c751e8b465ee728b)  -> (artifact id: 'e1cd5a52620115be6442905ab2547313') in 0.005010 seconds
Number of updated asset objects reloaded before import = 0
Number of asset objects unloaded after import = 1
========================================================================
Received Import Request.
  Time since last request: 0.000014 seconds.
  path: Assets/TerrainData_391e55fb-235e-4177-8de0-355389e9c6f2.asset
  artifactKey: Guid(67b65b0c3ad51e8439fa5883f864509d) Importer(815301076,1909f56bfc062723c751e8b465ee728b)
Start importing Assets/TerrainData_391e55fb-235e-4177-8de0-355389e9c6f2.asset using Guid(67b65b0c3ad51e8439fa5883f864509d) Importer(815301076,1909f56bfc062723c751e8b465ee728b)  -> (artifact id: '243e60633170f2db4045661b4561270a') in 0.006240 seconds
Number of updated asset objects reloaded before import = 0
Number of asset objects unloaded after import = 1
========================================================================
Received Import Request.
  Time since last request: 0.000016 seconds.
  path: Assets/TerrainData_4e3c9f87-2365-4bfb-a652-357f179de3d6.asset
  artifactKey: Guid(ff95b5de386e1084a911e535e1c6e6b5) Importer(815301076,1909f56bfc062723c751e8b465ee728b)
Start importing Assets/TerrainData_4e3c9f87-2365-4bfb-a652-357f179de3d6.asset using Guid(ff95b5de386e1084a911e535e1c6e6b5) Importer(815301076,1909f56bfc062723c751e8b465ee728b)  -> (artifact id: '38726e4c24f5897b17b81c0f31eed98c') in 0.005275 seconds
Number of updated asset objects reloaded before import = 0
Number of asset objects unloaded after import = 1
========================================================================
Received Import Request.
  Time since last request: 18.827540 seconds.
  path: Assets/TerrainData_1003ad09-f146-4970-9954-182e64ee0659.asset
  artifactKey: Guid(0a373abe89c6ff049a9d62a07c21724f) Importer(815301076,1909f56bfc062723c751e8b465ee728b)
Start importing Assets/TerrainData_1003ad09-f146-4970-9954-182e64ee0659.asset using Guid(0a373abe89c6ff049a9d62a07c21724f) Importer(815301076,1909f56bfc062723c751e8b465ee728b)  -> (artifact id: '7a1df1a1221e8cfd948701b6aac2429d') in 0.004570 seconds
Number of updated asset objects reloaded before import = 0
Number of asset objects unloaded after import = 1
========================================================================
Received Import Request.
  Time since last request: 0.000036 seconds.
  path: Assets/TerrainData_8711eb66-c4d3-4781-84da-5b13e62828ca.asset
  artifactKey: Guid(9a6c222c84ee08849a8e7491c2383ea1) Importer(815301076,1909f56bfc062723c751e8b465ee728b)
Start importing Assets/TerrainData_8711eb66-c4d3-4781-84da-5b13e62828ca.asset using Guid(9a6c222c84ee08849a8e7491c2383ea1) Importer(815301076,1909f56bfc062723c751e8b465ee728b)  -> (artifact id: '3f31758f6fe3eff7a44d2bcf4ee2b93c') in 0.005818 seconds
Number of updated asset objects reloaded before import = 0
Number of asset objects unloaded after import = 1
========================================================================
Received Import Request.
  Time since last request: 0.000018 seconds.
  path: Assets/TerrainData_b6b38fc9-4f63-4c2d-9446-bc9fa52bb2c5.asset
  artifactKey: Guid(502b1c49f51f37b42905e8ed6524eab2) Importer(815301076,1909f56bfc062723c751e8b465ee728b)
Start importing Assets/TerrainData_b6b38fc9-4f63-4c2d-9446-bc9fa52bb2c5.asset using Guid(502b1c49f51f37b42905e8ed6524eab2) Importer(815301076,1909f56bfc062723c751e8b465ee728b)  -> (artifact id: 'cdefb981789fae5a5376c68eece1e071') in 0.006640 seconds
Number of updated asset objects reloaded before import = 0
Number of asset objects unloaded after import = 1
========================================================================
Received Import Request.
  Time since last request: 0.000017 seconds.
  path: Assets/TerrainData_c7192cc0-dbdf-4a7f-84c2-f293be4d9a41.asset
  artifactKey: Guid(c14ddb3be71b3814daab8c61bc5e9bb3) Importer(815301076,1909f56bfc062723c751e8b465ee728b)
Start importing Assets/TerrainData_c7192cc0-dbdf-4a7f-84c2-f293be4d9a41.asset using Guid(c14ddb3be71b3814daab8c61bc5e9bb3) Importer(815301076,1909f56bfc062723c751e8b465ee728b)  -> (artifact id: 'ea319b69837035ea495b9477fc9702ad') in 0.005306 seconds
Number of updated asset objects reloaded before import = 0
Number of asset objects unloaded after import = 1
========================================================================
Received Import Request.
  Time since last request: 0.000021 seconds.
  path: Assets/TerrainData_313469da-ff9d-4bc7-926e-0dea7c14eb5e.asset
  artifactKey: Guid(9720ad3e5736b7846bc97bb3150b3604) Importer(815301076,1909f56bfc062723c751e8b465ee728b)
Start importing Assets/TerrainData_313469da-ff9d-4bc7-926e-0dea7c14eb5e.asset using Guid(9720ad3e5736b7846bc97bb3150b3604) Importer(815301076,1909f56bfc062723c751e8b465ee728b)  -> (artifact id: 'f397458150ccff4ee2d46b1420ccca54') in 0.005648 seconds
Number of updated asset objects reloaded before import = 0
Number of asset objects unloaded after import = 1
========================================================================
Received Import Request.
  Time since last request: 0.000014 seconds.
  path: Assets/TerrainData_a7a6a6a0-26a7-4a70-8639-ae0e647387d8.asset
  artifactKey: Guid(f8574401a9b0f2944934fd685125e318) Importer(815301076,1909f56bfc062723c751e8b465ee728b)
Start importing Assets/TerrainData_a7a6a6a0-26a7-4a70-8639-ae0e647387d8.asset using Guid(f8574401a9b0f2944934fd685125e318) Importer(815301076,1909f56bfc062723c751e8b465ee728b)  -> (artifact id: 'a303bde39323c826034b9915113ef0f8') in 0.004407 seconds
Number of updated asset objects reloaded before import = 0
Number of asset objects unloaded after import = 1
========================================================================
Received Import Request.
  Time since last request: 2070.034027 seconds.
  path: Assets/TerrainSampleAssets/TerrainLayers/Grass_A_TerrainLayer.terrainlayer
  artifactKey: Guid(130d104513b29bd44ae9c5b3915f4134) Importer(815301076,1909f56bfc062723c751e8b465ee728b)
Start importing Assets/TerrainSampleAssets/TerrainLayers/Grass_A_TerrainLayer.terrainlayer using Guid(130d104513b29bd44ae9c5b3915f4134) Importer(815301076,1909f56bfc062723c751e8b465ee728b)  -> (artifact id: '5222d747db78332d520991ce49780787') in 0.265700 seconds
Number of updated asset objects reloaded before import = 0
Number of asset objects unloaded after import = 5
========================================================================
Received Import Request.
  Time since last request: 0.000035 seconds.
  path: Assets/TerrainSampleAssets/TerrainLayers/Pebbles_A_TerrainLayer.terrainlayer
  artifactKey: Guid(a4f389caed25e6241b38ba88a286c911) Importer(815301076,1909f56bfc062723c751e8b465ee728b)
Start importing Assets/TerrainSampleAssets/TerrainLayers/Pebbles_A_TerrainLayer.terrainlayer using Guid(a4f389caed25e6241b38ba88a286c911) Importer(815301076,1909f56bfc062723c751e8b465ee728b)  -> (artifact id: '50a1065fe9a1f3fb762524f92e55e389') in 0.102495 seconds
Number of updated asset objects reloaded before import = 0
Number of asset objects unloaded after import = 5
========================================================================
Received Import Request.
  Time since last request: 0.000029 seconds.
  path: Assets/TerrainSampleAssets/TerrainLayers/Pebbles_B_TerrainLayer.terrainlayer
  artifactKey: Guid(d1685375fd84e62439c572449faa4657) Importer(815301076,1909f56bfc062723c751e8b465ee728b)
Start importing Assets/TerrainSampleAssets/TerrainLayers/Pebbles_B_TerrainLayer.terrainlayer using Guid(d1685375fd84e62439c572449faa4657) Importer(815301076,1909f56bfc062723c751e8b465ee728b)  -> (artifact id: '414e19bacccc1ff1918fe1b3c3fcd8a0') in 0.071984 seconds
Number of updated asset objects reloaded before import = 0
Number of asset objects unloaded after import = 5
========================================================================
Received Import Request.
  Time since last request: 0.000026 seconds.
  path: Assets/TerrainSampleAssets/TerrainLayers/Soil_Rocks_TerrainLayer.terrainlayer
  artifactKey: Guid(73f0b5ac607c28d4696a6dd09a1de66a) Importer(815301076,1909f56bfc062723c751e8b465ee728b)
Start importing Assets/TerrainSampleAssets/TerrainLayers/Soil_Rocks_TerrainLayer.terrainlayer using Guid(73f0b5ac607c28d4696a6dd09a1de66a) Importer(815301076,1909f56bfc062723c751e8b465ee728b)  -> (artifact id: '121070127e5f055831ba4f318516240d') in 0.083290 seconds
Number of updated asset objects reloaded before import = 0
Number of asset objects unloaded after import = 5
========================================================================
Received Import Request.
  Time since last request: 0.000039 seconds.
  path: Assets/TerrainSampleAssets/TerrainLayers/Pebbles_C_TerrainLayer.terrainlayer
  artifactKey: Guid(a579e897aa6ba004ab0e04fa3053263a) Importer(815301076,1909f56bfc062723c751e8b465ee728b)
Start importing Assets/TerrainSampleAssets/TerrainLayers/Pebbles_C_TerrainLayer.terrainlayer using Guid(a579e897aa6ba004ab0e04fa3053263a) Importer(815301076,1909f56bfc062723c751e8b465ee728b)  -> (artifact id: '0c2d02cde8afbc9a90e4a4b67626c27e') in 0.072318 seconds
Number of updated asset objects reloaded before import = 0
Number of asset objects unloaded after import = 5
========================================================================
Received Import Request.
  Time since last request: 0.000033 seconds.
  path: Assets/TerrainSampleAssets/TerrainLayers/Grass_Dry_TerrainLayer.terrainlayer
  artifactKey: Guid(0cbb01b61ed524a48a119d81aa262fed) Importer(815301076,1909f56bfc062723c751e8b465ee728b)
Start importing Assets/TerrainSampleAssets/TerrainLayers/Grass_Dry_TerrainLayer.terrainlayer using Guid(0cbb01b61ed524a48a119d81aa262fed) Importer(815301076,1909f56bfc062723c751e8b465ee728b)  -> (artifact id: '7ea2bf463b8951e1a89dced1050377f8') in 0.078654 seconds
Number of updated asset objects reloaded before import = 0
Number of asset objects unloaded after import = 5
========================================================================
Received Import Request.
  Time since last request: 0.000021 seconds.
  path: Assets/TerrainSampleAssets/TerrainLayers/Snow_TerrainLayer.terrainlayer
  artifactKey: Guid(59b98ca43f27d8c4a89d4058d2a962e5) Importer(815301076,1909f56bfc062723c751e8b465ee728b)
Start importing Assets/TerrainSampleAssets/TerrainLayers/Snow_TerrainLayer.terrainlayer using Guid(59b98ca43f27d8c4a89d4058d2a962e5) Importer(815301076,1909f56bfc062723c751e8b465ee728b)  -> (artifact id: '4bb89624ba1db51508400732368e6f7b') in 0.072782 seconds
Number of updated asset objects reloaded before import = 0
Number of asset objects unloaded after import = 5
========================================================================
Received Import Request.
  Time since last request: 0.000035 seconds.
  path: Assets/TerrainSampleAssets/TerrainLayers/Tidal_Pools_TerrainLayer.terrainlayer
  artifactKey: Guid(b5fcb6edb24b4544dbcf0dad9462ee5b) Importer(815301076,1909f56bfc062723c751e8b465ee728b)
Start importing Assets/TerrainSampleAssets/TerrainLayers/Tidal_Pools_TerrainLayer.terrainlayer using Guid(b5fcb6edb24b4544dbcf0dad9462ee5b) Importer(815301076,1909f56bfc062723c751e8b465ee728b)  -> (artifact id: 'b91e5c76f565458ce8d61ee6a69d43aa') in 0.064011 seconds
Number of updated asset objects reloaded before import = 0
Number of asset objects unloaded after import = 5
Editor requested this worker to shutdown with reason: Scaling down because of idle timeout
TcpMessagingSession - receive error: operation aborted. errorcode: 995, details: The I/O operation has been aborted because of either a thread exit or an application request.
AssetImportWorker is now disconnected from the server
Process exiting
Exiting without the bug reporter. Application will terminate with return code 0